<?xml version="1.0" encoding="UTF-8"?>
<!-- Generated by org.testng.reporters.JUnitReportReporter -->
<testsuite skipped="0" hostname="ACER" name="testcases.TC001_LoginAndLogout" tests="2" failures="0" timestamp="03 Jun 2018 06:07:39 GMT" time="23.246" errors="0">
  <testcase name="loginAndLogout" time="12.509" classname="testcases.TC001_LoginAndLogout"/>
  <testcase name="loginAndLogout" time="10.737" classname="testcases.TC001_LoginAndLogout"/>
</testsuite> <!-- testcases.TC001_LoginAndLogout -->
