<?xml version="1.0" encoding="UTF-8"?>
<!-- Generated by org.testng.reporters.JUnitReportReporter -->
<testsuite skipped="0" hostname="ACER" name="testcases.TC005_MergeLead" tests="1" failures="0" timestamp="09 Jun 2018 06:56:52 GMT" time="47.045" errors="0">
  <testcase name="MergeLead" time="47.045" classname="testcases.TC005_MergeLead"/>
</testsuite> <!-- testcases.TC005_MergeLead -->
